<?xml version="1.0" encoding="UTF-8"?>
<testng-results ignored="0" total="3" passed="1" failed="2" skipped="0">
  <reporter-output>
  </reporter-output>
  <suite started-at="2024-04-29T15:23:43 IST" name="Surefire suite" finished-at="2024-04-29T15:24:50 IST" duration-ms="67305">
    <groups>
    </groups>
    <test started-at="2024-04-29T15:23:43 IST" name="Surefire test" finished-at="2024-04-29T15:24:50 IST" duration-ms="67305">
      <class name="com.example.AppTest">
        <test-method is-config="true" signature="setup()[pri:0, instance:com.example.AppTest@be64738]" started-at="2024-04-29T15:23:43 IST" name="setup" finished-at="2024-04-29T15:23:45 IST" duration-ms="2395" status="PASS">
          <reporter-output>
          </reporter-output>
        </test-method> <!-- setup -->
        <test-method is-config="true" signature="Testsetup()[pri:0, instance:com.example.AppTest@be64738]" started-at="2024-04-29T15:23:45 IST" name="Testsetup" finished-at="2024-04-29T15:23:55 IST" duration-ms="9223" status="PASS">
          <reporter-output>
          </reporter-output>
        </test-method> <!-- Testsetup -->
        <test-method signature="Testcase1()[pri:0, instance:com.example.AppTest@be64738]" started-at="2024-04-29T15:23:55 IST" name="Testcase1" finished-at="2024-04-29T15:24:10 IST" duration-ms="15397" status="PASS">
          <reporter-output>
          </reporter-output>
        </test-method> <!-- Testcase1 -->
        <test-method is-config="true" signature="Testsetup()[pri:0, instance:com.example.AppTest@be64738]" started-at="2024-04-29T15:24:10 IST" name="Testsetup" finished-at="2024-04-29T15:24:15 IST" duration-ms="5258" status="PASS">
          <reporter-output>
          </reporter-output>
        </test-method> <!-- Testsetup -->
        <test-method signature="Testcase2()[pri:1, instance:com.example.AppTest@be64738]" started-at="2024-04-29T15:24:15 IST" name="Testcase2" finished-at="2024-04-29T15:24:38 IST" duration-ms="22179" status="FAIL">
          <exception class="org.openqa.selenium.ElementClickInterceptedException">
            <message>
              <![CDATA[element click intercepted: Element <div class="pdp-commerce-format pr-xxs pl-xxs   slick-slide slick-active" data-slick-index="2" aria-hidden="false" style="width: 113px; height: 49.5375px;">...</div> is not clickable at point (1028, 654). Other element would receive the click: <button id="onetrust-pc-btn-handler" class="cookie-setting-link">...</button>
  (Session info: chrome=124.0.6367.91)
Build info: version: '4.19.1', revision: 'abe0ee07dc'
System info: os.name: 'Windows 11', os.arch: 'amd64', os.version: '10.0', java.version: '21.0.2'
Driver info: org.openqa.selenium.chrome.ChromeDriver
Command: [e74363c97c65788de4f85b626996e9ab, clickElement {id=f.59E7515A9188D453A4A3D4AFCE0224EE.d.599076A1B43BC973F5503E92DDCE0935.e.471}]
Capabilities {acceptInsecureCerts: false, browserName: chrome, browserVersion: 124.0.6367.91, chrome: {chromedriverVersion: 124.0.6367.91 (51df0e5e17a8..., userDataDir: C:\Users\TEJASW~1\AppData\L...}, fedcm:accounts: true, goog:chromeOptions: {debuggerAddress: localhost:49724}, networkConnectionEnabled: false, pageLoadStrategy: normal, platformName: windows, proxy: Proxy(), se:cdp: ws://localhost:49724/devtoo..., se:cdpVersion: 124.0.6367.91, setWindowRect: true, strictFileInteractability: false, timeouts: {implicit: 0, pageLoad: 300000, script: 30000}, unhandledPromptBehavior: dismiss and notify, webauthn:extension:credBlob: true, webauthn:extension:largeBlob: true, webauthn:extension:minPinLength: true, webauthn:extension:prf: true, webauthn:virtualAuthenticators: true}
Element: [[ChromeDriver: chrome on windows (e74363c97c65788de4f85b626996e9ab)] -> xpath: //*[@id='otherAvailFormats']/div/div/div[3]]
Session ID: e74363c97c65788de4f85b626996e9ab]]>
            </message>
            <full-stacktrace>
              <![CDATA[org.openqa.selenium.ElementClickInterceptedException: element click intercepted: Element <div class="pdp-commerce-format pr-xxs pl-xxs   slick-slide slick-active" data-slick-index="2" aria-hidden="false" style="width: 113px; height: 49.5375px;">...</div> is not clickable at point (1028, 654). Other element would receive the click: <button id="onetrust-pc-btn-handler" class="cookie-setting-link">...</button>
  (Session info: chrome=124.0.6367.91)
Build info: version: '4.19.1', revision: 'abe0ee07dc'
System info: os.name: 'Windows 11', os.arch: 'amd64', os.version: '10.0', java.version: '21.0.2'
Driver info: org.openqa.selenium.chrome.ChromeDriver
Command: [e74363c97c65788de4f85b626996e9ab, clickElement {id=f.59E7515A9188D453A4A3D4AFCE0224EE.d.599076A1B43BC973F5503E92DDCE0935.e.471}]
Capabilities {acceptInsecureCerts: false, browserName: chrome, browserVersion: 124.0.6367.91, chrome: {chromedriverVersion: 124.0.6367.91 (51df0e5e17a8..., userDataDir: C:\Users\TEJASW~1\AppData\L...}, fedcm:accounts: true, goog:chromeOptions: {debuggerAddress: localhost:49724}, networkConnectionEnabled: false, pageLoadStrategy: normal, platformName: windows, proxy: Proxy(), se:cdp: ws://localhost:49724/devtoo..., se:cdpVersion: 124.0.6367.91, setWindowRect: true, strictFileInteractability: false, timeouts: {implicit: 0, pageLoad: 300000, script: 30000}, unhandledPromptBehavior: dismiss and notify, webauthn:extension:credBlob: true, webauthn:extension:largeBlob: true, webauthn:extension:minPinLength: true, webauthn:extension:prf: true, webauthn:virtualAuthenticators: true}
Element: [[ChromeDriver: chrome on windows (e74363c97c65788de4f85b626996e9ab)] -> xpath: //*[@id='otherAvailFormats']/div/div/div[3]]
Session ID: e74363c97c65788de4f85b626996e9ab
at java.base/jdk.internal.reflect.DirectConstructorHandleAccessor.newInstance(DirectConstructorHandleAccessor.java:62)
at java.base/java.lang.reflect.Constructor.newInstanceWithCaller(Constructor.java:502)
at java.base/java.lang.reflect.Constructor.newInstance(Constructor.java:486)
at org.openqa.selenium.remote.ErrorCodec.decode(ErrorCodec.java:167)
at org.openqa.selenium.remote.codec.w3c.W3CHttpResponseCodec.decode(W3CHttpResponseCodec.java:138)
at org.openqa.selenium.remote.codec.w3c.W3CHttpResponseCodec.decode(W3CHttpResponseCodec.java:50)
at org.openqa.selenium.remote.HttpCommandExecutor.execute(HttpCommandExecutor.java:190)
at org.openqa.selenium.remote.service.DriverCommandExecutor.invokeExecute(DriverCommandExecutor.java:216)
at org.openqa.selenium.remote.service.DriverCommandExecutor.execute(DriverCommandExecutor.java:174)
at org.openqa.selenium.remote.RemoteWebDriver.execute(RemoteWebDriver.java:518)
at org.openqa.selenium.remote.RemoteWebElement.execute(RemoteWebElement.java:223)
at org.openqa.selenium.remote.RemoteWebElement.click(RemoteWebElement.java:76)
at com.example.AppTest.Testcase2(AppTest.java:101)
at java.base/jdk.internal.reflect.DirectMethodHandleAccessor.invoke(DirectMethodHandleAccessor.java:103)
at java.base/java.lang.reflect.Method.invoke(Method.java:580)
at org.testng.internal.invokers.MethodInvocationHelper.invokeMethod(MethodInvocationHelper.java:141)
at org.testng.internal.invokers.TestInvoker.invokeMethod(TestInvoker.java:686)
at org.testng.internal.invokers.TestInvoker.invokeTestMethod(TestInvoker.java:230)
at org.testng.internal.invokers.MethodRunner.runInSequence(MethodRunner.java:63)
at org.testng.internal.invokers.TestInvoker$MethodInvocationAgent.invoke(TestInvoker.java:992)
at org.testng.internal.invokers.TestInvoker.invokeTestMethods(TestInvoker.java:203)
at org.testng.internal.invokers.TestMethodWorker.invokeTestMethods(TestMethodWorker.java:154)
at org.testng.internal.invokers.TestMethodWorker.run(TestMethodWorker.java:134)
at java.base/java.util.ArrayList.forEach(ArrayList.java:1596)
at org.testng.TestRunner.privateRun(TestRunner.java:739)
at org.testng.TestRunner.run(TestRunner.java:614)
at org.testng.SuiteRunner.runTest(SuiteRunner.java:421)
at org.testng.SuiteRunner.runSequentially(SuiteRunner.java:413)
at org.testng.SuiteRunner.privateRun(SuiteRunner.java:373)
at org.testng.SuiteRunner.run(SuiteRunner.java:312)
at org.testng.SuiteRunnerWorker.runSuite(SuiteRunnerWorker.java:52)
at org.testng.SuiteRunnerWorker.run(SuiteRunnerWorker.java:95)
at org.testng.TestNG.runSuitesSequentially(TestNG.java:1274)
at org.testng.TestNG.runSuitesLocally(TestNG.java:1208)
at org.testng.TestNG.runSuites(TestNG.java:1112)
at org.testng.TestNG.run(TestNG.java:1079)
at org.apache.maven.surefire.testng.TestNGExecutor.run(TestNGExecutor.java:135)
at org.apache.maven.surefire.testng.TestNGDirectoryTestSuite.executeSingleClass(TestNGDirectoryTestSuite.java:112)
at org.apache.maven.surefire.testng.TestNGDirectoryTestSuite.execute(TestNGDirectoryTestSuite.java:99)
at org.apache.maven.surefire.testng.TestNGProvider.invoke(TestNGProvider.java:146)
at org.apache.maven.surefire.booter.ForkedBooter.invokeProviderInSameClassLoader(ForkedBooter.java:384)
at org.apache.maven.surefire.booter.ForkedBooter.runSuitesInProcess(ForkedBooter.java:345)
at org.apache.maven.surefire.booter.ForkedBooter.execute(ForkedBooter.java:126)
at org.apache.maven.surefire.booter.ForkedBooter.main(ForkedBooter.java:418)
]]>
            </full-stacktrace>
          </exception> <!-- org.openqa.selenium.ElementClickInterceptedException -->
          <reporter-output>
          </reporter-output>
        </test-method> <!-- Testcase2 -->
        <test-method is-config="true" signature="Testsetup()[pri:0, instance:com.example.AppTest@be64738]" started-at="2024-04-29T15:24:38 IST" name="Testsetup" finished-at="2024-04-29T15:24:45 IST" duration-ms="7478" status="PASS">
          <reporter-output>
          </reporter-output>
        </test-method> <!-- Testsetup -->
        <test-method signature="Testcase3()[pri:2, instance:com.example.AppTest@be64738]" started-at="2024-04-29T15:24:45 IST" name="Testcase3" finished-at="2024-04-29T15:24:49 IST" duration-ms="4277" status="FAIL">
          <exception class="org.openqa.selenium.ElementClickInterceptedException">
            <message>
              <![CDATA[element click intercepted: Element <a class="ft-icon " href="https://www.barnesandnoble.com/membership/" onclick="set_cookie('footicon_bnmembership_na_icon');">...</a> is not clickable at point (759, 641). Other element would receive the click: <div id="onetrust-policy-text">...</div>
  (Session info: chrome=124.0.6367.91)
Build info: version: '4.19.1', revision: 'abe0ee07dc'
System info: os.name: 'Windows 11', os.arch: 'amd64', os.version: '10.0', java.version: '21.0.2'
Driver info: org.openqa.selenium.chrome.ChromeDriver
Command: [652b67e34b37d3abb1cb8a38626fce1e, clickElement {id=f.029B5666540F554BD13C90F606C07320.d.FDCD999E628AB900FB7F4D586CFF35BB.e.203}]
Capabilities {acceptInsecureCerts: false, browserName: chrome, browserVersion: 124.0.6367.91, chrome: {chromedriverVersion: 124.0.6367.91 (51df0e5e17a8..., userDataDir: C:\Users\TEJASW~1\AppData\L...}, fedcm:accounts: true, goog:chromeOptions: {debuggerAddress: localhost:49805}, networkConnectionEnabled: false, pageLoadStrategy: normal, platformName: windows, proxy: Proxy(), se:cdp: ws://localhost:49805/devtoo..., se:cdpVersion: 124.0.6367.91, setWindowRect: true, strictFileInteractability: false, timeouts: {implicit: 0, pageLoad: 300000, script: 30000}, unhandledPromptBehavior: dismiss and notify, webauthn:extension:credBlob: true, webauthn:extension:largeBlob: true, webauthn:extension:minPinLength: true, webauthn:extension:prf: true, webauthn:virtualAuthenticators: true}
Element: [[ChromeDriver: chrome on windows (652b67e34b37d3abb1cb8a38626fce1e)] -> xpath: //*[@id="footer"]/div/dd/div/div/div[1]/div/a[5]]
Session ID: 652b67e34b37d3abb1cb8a38626fce1e]]>
            </message>
            <full-stacktrace>
              <![CDATA[org.openqa.selenium.ElementClickInterceptedException: element click intercepted: Element <a class="ft-icon " href="https://www.barnesandnoble.com/membership/" onclick="set_cookie('footicon_bnmembership_na_icon');">...</a> is not clickable at point (759, 641). Other element would receive the click: <div id="onetrust-policy-text">...</div>
  (Session info: chrome=124.0.6367.91)
Build info: version: '4.19.1', revision: 'abe0ee07dc'
System info: os.name: 'Windows 11', os.arch: 'amd64', os.version: '10.0', java.version: '21.0.2'
Driver info: org.openqa.selenium.chrome.ChromeDriver
Command: [652b67e34b37d3abb1cb8a38626fce1e, clickElement {id=f.029B5666540F554BD13C90F606C07320.d.FDCD999E628AB900FB7F4D586CFF35BB.e.203}]
Capabilities {acceptInsecureCerts: false, browserName: chrome, browserVersion: 124.0.6367.91, chrome: {chromedriverVersion: 124.0.6367.91 (51df0e5e17a8..., userDataDir: C:\Users\TEJASW~1\AppData\L...}, fedcm:accounts: true, goog:chromeOptions: {debuggerAddress: localhost:49805}, networkConnectionEnabled: false, pageLoadStrategy: normal, platformName: windows, proxy: Proxy(), se:cdp: ws://localhost:49805/devtoo..., se:cdpVersion: 124.0.6367.91, setWindowRect: true, strictFileInteractability: false, timeouts: {implicit: 0, pageLoad: 300000, script: 30000}, unhandledPromptBehavior: dismiss and notify, webauthn:extension:credBlob: true, webauthn:extension:largeBlob: true, webauthn:extension:minPinLength: true, webauthn:extension:prf: true, webauthn:virtualAuthenticators: true}
Element: [[ChromeDriver: chrome on windows (652b67e34b37d3abb1cb8a38626fce1e)] -> xpath: //*[@id="footer"]/div/dd/div/div/div[1]/div/a[5]]
Session ID: 652b67e34b37d3abb1cb8a38626fce1e
at java.base/jdk.internal.reflect.DirectConstructorHandleAccessor.newInstance(DirectConstructorHandleAccessor.java:62)
at java.base/java.lang.reflect.Constructor.newInstanceWithCaller(Constructor.java:502)
at java.base/java.lang.reflect.Constructor.newInstance(Constructor.java:486)
at org.openqa.selenium.remote.ErrorCodec.decode(ErrorCodec.java:167)
at org.openqa.selenium.remote.codec.w3c.W3CHttpResponseCodec.decode(W3CHttpResponseCodec.java:138)
at org.openqa.selenium.remote.codec.w3c.W3CHttpResponseCodec.decode(W3CHttpResponseCodec.java:50)
at org.openqa.selenium.remote.HttpCommandExecutor.execute(HttpCommandExecutor.java:190)
at org.openqa.selenium.remote.service.DriverCommandExecutor.invokeExecute(DriverCommandExecutor.java:216)
at org.openqa.selenium.remote.service.DriverCommandExecutor.execute(DriverCommandExecutor.java:174)
at org.openqa.selenium.remote.RemoteWebDriver.execute(RemoteWebDriver.java:518)
at org.openqa.selenium.remote.RemoteWebElement.execute(RemoteWebElement.java:223)
at org.openqa.selenium.remote.RemoteWebElement.click(RemoteWebElement.java:76)
at com.example.AppTest.Testcase3(AppTest.java:117)
at java.base/jdk.internal.reflect.DirectMethodHandleAccessor.invoke(DirectMethodHandleAccessor.java:103)
at java.base/java.lang.reflect.Method.invoke(Method.java:580)
at org.testng.internal.invokers.MethodInvocationHelper.invokeMethod(MethodInvocationHelper.java:141)
at org.testng.internal.invokers.TestInvoker.invokeMethod(TestInvoker.java:686)
at org.testng.internal.invokers.TestInvoker.invokeTestMethod(TestInvoker.java:230)
at org.testng.internal.invokers.MethodRunner.runInSequence(MethodRunner.java:63)
at org.testng.internal.invokers.TestInvoker$MethodInvocationAgent.invoke(TestInvoker.java:992)
at org.testng.internal.invokers.TestInvoker.invokeTestMethods(TestInvoker.java:203)
at org.testng.internal.invokers.TestMethodWorker.invokeTestMethods(TestMethodWorker.java:154)
at org.testng.internal.invokers.TestMethodWorker.run(TestMethodWorker.java:134)
at java.base/java.util.ArrayList.forEach(ArrayList.java:1596)
at org.testng.TestRunner.privateRun(TestRunner.java:739)
at org.testng.TestRunner.run(TestRunner.java:614)
at org.testng.SuiteRunner.runTest(SuiteRunner.java:421)
at org.testng.SuiteRunner.runSequentially(SuiteRunner.java:413)
at org.testng.SuiteRunner.privateRun(SuiteRunner.java:373)
at org.testng.SuiteRunner.run(SuiteRunner.java:312)
at org.testng.SuiteRunnerWorker.runSuite(SuiteRunnerWorker.java:52)
at org.testng.SuiteRunnerWorker.run(SuiteRunnerWorker.java:95)
at org.testng.TestNG.runSuitesSequentially(TestNG.java:1274)
at org.testng.TestNG.runSuitesLocally(TestNG.java:1208)
at org.testng.TestNG.runSuites(TestNG.java:1112)
at org.testng.TestNG.run(TestNG.java:1079)
at org.apache.maven.surefire.testng.TestNGExecutor.run(TestNGExecutor.java:135)
at org.apache.maven.surefire.testng.TestNGDirectoryTestSuite.executeSingleClass(TestNGDirectoryTestSuite.java:112)
at org.apache.maven.surefire.testng.TestNGDirectoryTestSuite.execute(TestNGDirectoryTestSuite.java:99)
at org.apache.maven.surefire.testng.TestNGProvider.invoke(TestNGProvider.java:146)
at org.apache.maven.surefire.booter.ForkedBooter.invokeProviderInSameClassLoader(ForkedBooter.java:384)
at org.apache.maven.surefire.booter.ForkedBooter.runSuitesInProcess(ForkedBooter.java:345)
at org.apache.maven.surefire.booter.ForkedBooter.execute(ForkedBooter.java:126)
at org.apache.maven.surefire.booter.ForkedBooter.main(ForkedBooter.java:418)
]]>
            </full-stacktrace>
          </exception> <!-- org.openqa.selenium.ElementClickInterceptedException -->
          <reporter-output>
          </reporter-output>
        </test-method> <!-- Testcase3 -->
        <test-method is-config="true" signature="Testquit()[pri:0, instance:com.example.AppTest@be64738]" started-at="2024-04-29T15:24:49 IST" name="Testquit" finished-at="2024-04-29T15:24:50 IST" duration-ms="1019" status="PASS">
          <reporter-output>
          </reporter-output>
        </test-method> <!-- Testquit -->
      </class> <!-- com.example.AppTest -->
    </test> <!-- Surefire test -->
  </suite> <!-- Surefire suite -->
</testng-results>
